<?xml version="1.0" encoding="UTF-8"?>
<!-- Generated by org.testng.reporters.JUnitReportReporter -->
<testsuite hostname="DESKTOP-4HJSG2K" failures="0" tests="1" name="testcases.HomeTest" time="14.247" errors="0" timestamp="2025-01-04T23:04:43 IST" skipped="0">
  <testcase classname="testcases.HomeTest" name="verifylogo" time="14.247"/>
  <system-out/>
</testsuite> <!-- testcases.HomeTest -->
