<?xml version="1.0" encoding="UTF-8"?>
<!-- Generated by org.testng.reporters.JUnitReportReporter -->
<testsuite hostname="DESKTOP-4HJSG2K" failures="0" tests="1" name="testcases.DatePickerTest" time="9.565" errors="0" timestamp="2025-01-08T10:15:34 IST" skipped="0">
  <testcase classname="testcases.DatePickerTest" name="printListmenu" time="9.565"/>
  <system-out/>
</testsuite> <!-- testcases.DatePickerTest -->
