<?xml version="1.0" encoding="UTF-8"?>
<!-- Generated by org.testng.reporters.JUnitReportReporter -->
<testsuite hostname="DESKTOP-4HJSG2K" failures="0" tests="1" name="testcases.InputFormTest" time="16.816" errors="0" timestamp="2025-01-04T23:30:37 IST" skipped="0">
  <testcase classname="testcases.InputFormTest" name="verifyHeaderName" time="16.816"/>
  <system-out/>
</testsuite> <!-- testcases.InputFormTest -->
