<?xml version="1.0" encoding="UTF-8"?>
<!-- Generated by org.testng.reporters.JUnitReportReporter -->
<testsuite hostname="DESKTOP-4HJSG2K" failures="0" tests="1" name="testcases.TableTest" time="17.639" errors="0" timestamp="2025-01-05T00:00:31 IST" skipped="0">
  <testcase classname="testcases.TableTest" name="verifyOnClickTable" time="17.639"/>
  <system-out/>
</testsuite> <!-- testcases.TableTest -->
