<?xml version="1.0" encoding="UTF-8"?>
<!-- Generated by org.testng.reporters.JUnitReportReporter -->
<testsuite hostname="DESKTOP-4HJSG2K" failures="0" tests="1" name="testcases.TableNameTest" time="23.637" errors="0" timestamp="2025-01-08T11:34:06 IST" skipped="0">
  <testcase classname="testcases.TableNameTest" name="printSingleData" time="23.637"/>
  <system-out/>
</testsuite> <!-- testcases.TableNameTest -->
